<?xml version="1.0" encoding="UTF-8"?>
<!-- Generated by org.testng.reporters.JUnitReportReporter -->
<testsuite hostname="Ali-Hammad" failures="0" tests="1" name="cubixWebsiteTestPackage.CubixWebsiteTestCases" time="14.084" errors="0" timestamp="2024-07-26T19:03:17 PKT" skipped="0">
  <testcase classname="cubixWebsiteTestPackage.CubixWebsiteTestCases" name="verifyHomepage" time="14.084"/>
  <system-out/>
</testsuite> <!-- cubixWebsiteTestPackage.CubixWebsiteTestCases -->
