<?xml version="1.0" encoding="UTF-8"?>
<!-- Generated by org.testng.reporters.JUnitReportReporter -->
<testsuite hostname="Ali-Hammad" failures="0" tests="1" name="cubixWebsiteTestPackage.CubixWebsiteTestCases" time="9.238" errors="0" timestamp="2024-07-24T12:53:26 PKT" skipped="0">
  <testcase classname="cubixWebsiteTestPackage.CubixWebsiteTestCases" name="verifyContactPage" time="9.238"/>
  <system-out/>
</testsuite> <!-- cubixWebsiteTestPackage.CubixWebsiteTestCases -->
