<?xml version="1.0" encoding="UTF-8"?>
<!-- Generated by org.testng.reporters.JUnitReportReporter -->
<testsuite hostname="Ali-Hammad" failures="0" tests="1" name="computingWorldTestPackage.ComputingWorldTestCases" time="39.883" errors="0" timestamp="2024-07-09T12:36:41 PKT" skipped="0">
  <testcase classname="computingWorldTestPackage.ComputingWorldTestCases" name="AddToCart" time="39.883"/>
  <system-out/>
</testsuite> <!-- computingWorldTestPackage.ComputingWorldTestCases -->
